g:\projects\projectge\core\x64\release\vc142.pdb
g:\projects\projectge\core\x64\release\glad.obj
g:\projects\projectge\core\x64\release\dropdownscroll.obj
g:\projects\projectge\core\x64\release\dropdown.obj
g:\projects\projectge\core\x64\release\contentsizefitter.obj
g:\projects\projectge\core\x64\release\button.obj
g:\projects\projectge\core\x64\release\text.obj
g:\projects\projectge\core\x64\release\image.obj
g:\projects\projectge\core\x64\release\parententity.obj
g:\projects\projectge\core\x64\release\childmanager.obj
g:\projects\projectge\core\x64\release\behaviour.obj
g:\projects\projectge\core\x64\release\dragandresize.obj
g:\projects\projectge\core\x64\release\spriterenderer.obj
g:\projects\projectge\core\x64\release\renderer.obj
g:\projects\projectge\core\x64\release\spritemask.obj
g:\projects\projectge\core\x64\release\rectmask.obj
g:\projects\projectge\core\x64\release\mask.obj
g:\projects\projectge\core\x64\release\graphic.obj
g:\projects\projectge\core\x64\release\canvasrenderer.obj
g:\projects\projectge\core\x64\release\border.obj
g:\projects\projectge\core\x64\release\reflection.obj
g:\projects\projectge\core\x64\release\core.obj
g:\projects\projectge\core\x64\release\transform.obj
g:\projects\projectge\core\x64\release\recttransform.obj
g:\projects\projectge\core\x64\release\mousedrag.obj
g:\projects\projectge\core\x64\release\windowanchor.obj
g:\projects\projectge\core\x64\release\selectable.obj
g:\projects\projectge\core\x64\release\rectsprite.obj
g:\projects\projectge\core\x64\release\fpscounter.obj
g:\projects\projectge\core\x64\release\inputfield.obj
g:\projects\projectge\core\x64\release\checkbox.obj
g:\projects\projectge\core\x64\release\windowscale.obj
g:\projects\projectge\core\x64\release\verticallayoutgroup.obj
g:\projects\projectge\core\x64\release\uibehaviour.obj
g:\projects\projectge\core\x64\release\scrollrect.obj
g:\projects\projectge\core\x64\release\scrollbar.obj
g:\projects\projectge\core\x64\release\rectbutton.obj
g:\projects\projectge\core\x64\release\layoutgroup.obj
g:\projects\projectge\core\x64\release\layoutelement.obj
g:\projects\projectge\core\x64\release\layoutcontroller.obj
g:\projects\projectge\core\x64\release\horizontallayoutgroup.obj
g:\projects\projectge\core\x64\release\gridlayoutgroup.obj
g:\projects\projectge\core\x64\release\font.obj
g:\projects\projectge\core\x64\release\texture2d.obj
g:\projects\projectge\core\x64\release\shader.obj
g:\projects\projectge\core\x64\release\color.obj
g:\projects\projectge\core\x64\release\camera.obj
g:\projects\projectge\core\x64\release\handle.obj
g:\projects\projectge\core\x64\release\entityhandle.obj
g:\projects\projectge\core\x64\release\componenthandle.obj
g:\projects\projectge\core\x64\release\componentfunctionhandle.obj
g:\projects\projectge\core\x64\release\entitymanager.obj
g:\projects\projectge\core\x64\release\entity.obj
g:\projects\projectge\core\x64\release\componenttype.obj
g:\projects\projectge\core\x64\release\componentregistry.obj
g:\projects\projectge\core\x64\release\componentloader.obj
g:\projects\projectge\core\x64\release\component.obj
g:\projects\projectge\core\x64\release\chunk.obj
g:\projects\projectge\core\x64\release\archetype.obj
g:\projects\projectge\core\x64\release\resourcemanager.obj
g:\projects\projectge\core\x64\release\engine.obj
g:\projects\projectge\core\x64\release\behaviourmanager.obj
g:\projects\projectge\core\x64\release\serializable.obj
g:\projects\projectge\core\x64\release\functioncaller.obj
g:\projects\projectge\core\x64\release\clipboard.obj
g:\projects\projectge\core\x64\release\bounds.obj
g:\projects\projectge\core\x64\release\guisystem.obj
g:\projects\projectge\core\x64\release\scenemanager.obj
g:\projects\projectge\core\x64\release\scene.obj
g:\projects\projectge\core\x64\release\physics.obj
g:\projects\projectge\core\x64\release\vector4.obj
g:\projects\projectge\core\x64\release\vector3.obj
g:\projects\projectge\core\x64\release\vector2.obj
g:\projects\projectge\core\x64\release\matrix4.obj
g:\projects\projectge\core\x64\release\keylistener.obj
g:\projects\projectge\core\x64\release\input.obj
g:\projects\projectge\core\x64\release\window.obj
g:\projects\projectge\core\x64\release\renderer2d.obj
g:\projects\projectge\core\x64\release\postprocessor.obj
g:\projects\projectge\core\x64\release\batchrenderer2d.obj
g:\projects\projectge\core\x64\release\graphics.obj
g:\projects\projectge\core\x64\release\fontmanager.obj
g:\projects\projectge\core\x64\release\uidcontainer.obj
g:\projects\projectge\core\x64\release\string.obj
g:\projects\projectge\x64\release\core.lib
g:\projects\projectge\x64\release\core.exp
g:\projects\projectge\x64\release\core.dll
g:\projects\projectge\core\x64\release\core.ipdb
g:\projects\projectge\core\x64\release\core.iobj
g:\projects\projectge\x64\release\core.pdb
g:\projects\projectge\core\x64\release\core.tlog\cl.command.1.tlog
g:\projects\projectge\core\x64\release\core.tlog\cl.read.1.tlog
g:\projects\projectge\core\x64\release\core.tlog\cl.write.1.tlog
g:\projects\projectge\core\x64\release\core.tlog\core.write.1u.tlog
g:\projects\projectge\core\x64\release\core.tlog\link.command.1.tlog
g:\projects\projectge\core\x64\release\core.tlog\link.read.1.tlog
g:\projects\projectge\core\x64\release\core.tlog\link.write.1.tlog
